2025-04-18 14:58:37.052 | INFO     | __main__:<module>:209 - Starting parallel processing job
2025-04-18 14:58:37.091 | INFO     | __main__:<module>:213 - Loaded dataframe with 601 rows
2025-04-18 14:58:44.693 | INFO     | __main__:process_row:150 - Row 10: score = 1.0
2025-04-18 14:58:45.715 | INFO     | __main__:process_row:150 - Row 7: score = 1.0
2025-04-18 14:58:46.340 | INFO     | __main__:process_row:150 - Row 5: score = 0.0
2025-04-18 14:58:46.439 | INFO     | __main__:process_row:150 - Row 8: score = 0.9
2025-04-18 14:58:46.912 | INFO     | __main__:process_row:150 - Row 15: score = 0.0
2025-04-18 14:58:47.313 | INFO     | __main__:process_row:150 - Row 13: score = 0.0
2025-04-18 14:58:47.485 | INFO     | __main__:process_row:150 - Row 18: score = 0.9
2025-04-18 14:58:47.487 | INFO     | __main__:process_row:150 - Row 9: score = 0.0
2025-04-18 14:58:47.824 | INFO     | __main__:process_row:150 - Row 19: score = 0.9
2025-04-18 14:58:47.930 | INFO     | __main__:process_row:150 - Row 25: score = 0.0
2025-04-18 14:58:47.930 | INFO     | __main__:process_dataframe_parallel:182 - Completed 10/601 tasks
2025-04-18 14:58:48.241 | INFO     | __main__:process_row:150 - Row 21: score = 0.0
2025-04-18 14:58:48.479 | INFO     | __main__:process_row:150 - Row 6: score = 0.1
2025-04-18 14:58:48.761 | INFO     | __main__:process_row:150 - Row 17: score = 0.0
2025-04-18 14:58:49.117 | INFO     | __main__:process_row:150 - Row 16: score = 0.9
2025-04-18 14:58:49.271 | INFO     | __main__:process_row:150 - Row 28: score = 0.0
2025-04-18 14:58:49.490 | INFO     | __main__:process_row:150 - Row 34: score = 1.0
2025-04-18 14:58:49.664 | INFO     | __main__:process_row:150 - Row 33: score = 0.1
2025-04-18 14:58:49.943 | INFO     | __main__:process_row:150 - Row 22: score = 0.9
2025-04-18 14:58:50.147 | INFO     | __main__:process_row:150 - Row 24: score = 0.0
2025-04-18 14:58:50.162 | INFO     | __main__:process_row:150 - Row 14: score = 0.9
2025-04-18 14:58:50.162 | INFO     | __main__:process_dataframe_parallel:182 - Completed 20/601 tasks
2025-04-18 14:58:50.481 | INFO     | __main__:process_row:150 - Row 29: score = 0.0
2025-04-18 14:58:50.590 | INFO     | __main__:process_row:150 - Row 4: score = 0.9
2025-04-18 14:58:50.591 | INFO     | __main__:process_row:150 - Row 27: score = 0.0
2025-04-18 14:58:50.938 | INFO     | __main__:process_row:150 - Row 32: score = 0.0
2025-04-18 14:58:50.979 | INFO     | __main__:process_row:150 - Row 11: score = 0.0
2025-04-18 14:58:51.271 | INFO     | __main__:process_row:150 - Row 37: score = 0.1
2025-04-18 14:58:51.581 | INFO     | __main__:process_row:150 - Row 23: score = 0.9
2025-04-18 14:58:51.780 | INFO     | __main__:process_row:150 - Row 20: score = 0.0
2025-04-18 14:58:51.871 | INFO     | __main__:process_row:150 - Row 1: score = 0.9
2025-04-18 14:58:52.397 | INFO     | __main__:process_row:150 - Row 3: score = 0.9
2025-04-18 14:58:52.397 | INFO     | __main__:process_dataframe_parallel:182 - Completed 30/601 tasks
2025-04-18 14:58:52.760 | INFO     | __main__:process_row:150 - Row 31: score = 0.0
2025-04-18 14:58:52.868 | INFO     | __main__:process_row:150 - Row 30: score = 0.0
2025-04-18 14:58:53.154 | INFO     | __main__:process_row:150 - Row 44: score = 0.1
2025-04-18 14:58:53.291 | INFO     | __main__:process_row:150 - Row 26: score = 0.9
2025-04-18 14:58:53.468 | INFO     | __main__:process_row:150 - Row 46: score = 0.9
2025-04-18 14:58:53.641 | INFO     | __main__:process_row:150 - Row 40: score = 0.0
2025-04-18 14:58:53.763 | INFO     | __main__:process_row:150 - Row 0: score = 0.9
2025-04-18 14:58:53.961 | INFO     | __main__:process_row:150 - Row 41: score = 0.9
2025-04-18 14:58:54.383 | INFO     | __main__:process_row:150 - Row 42: score = 1.0
2025-04-18 14:58:54.398 | INFO     | __main__:process_row:150 - Row 52: score = 0.9
2025-04-18 14:58:54.398 | INFO     | __main__:process_dataframe_parallel:182 - Completed 40/601 tasks
2025-04-18 14:58:54.708 | INFO     | __main__:process_row:150 - Row 2: score = 0.0
2025-04-18 14:58:54.955 | INFO     | __main__:process_row:150 - Row 48: score = 0.0
2025-04-18 14:58:55.081 | INFO     | __main__:process_row:150 - Row 38: score = 0.0
2025-04-18 14:58:55.406 | INFO     | __main__:process_row:150 - Row 36: score = 0.0
2025-04-18 14:58:55.499 | INFO     | __main__:process_row:150 - Row 49: score = 0.1
2025-04-18 14:58:55.577 | INFO     | __main__:process_row:150 - Row 50: score = 0.9
2025-04-18 14:58:55.983 | INFO     | __main__:process_row:150 - Row 61: score = 0.9
2025-04-18 14:58:55.983 | INFO     | __main__:process_row:150 - Row 47: score = 1.0
2025-04-18 14:58:56.369 | INFO     | __main__:process_row:150 - Row 35: score = 0.0
2025-04-18 14:58:56.563 | INFO     | __main__:process_row:150 - Row 54: score = 0.9
2025-04-18 14:58:56.564 | INFO     | __main__:process_dataframe_parallel:182 - Completed 50/601 tasks
2025-04-18 14:58:57.027 | INFO     | __main__:process_row:150 - Row 59: score = 0.9
2025-04-18 14:58:57.170 | INFO     | __main__:process_row:150 - Row 65: score = 0.9
2025-04-18 14:58:57.481 | INFO     | __main__:process_row:150 - Row 62: score = 1.0
2025-04-18 14:58:57.648 | INFO     | __main__:process_row:150 - Row 43: score = 0.0
2025-04-18 14:58:57.767 | INFO     | __main__:process_row:150 - Row 66: score = 1.0
2025-04-18 14:58:58.134 | INFO     | __main__:process_row:150 - Row 68: score = 0.9
2025-04-18 14:58:58.512 | INFO     | __main__:process_row:150 - Row 80: score = 1.0
2025-04-18 14:58:58.797 | INFO     | __main__:process_row:150 - Row 74: score = 0.9
2025-04-18 14:58:58.888 | INFO     | __main__:process_row:150 - Row 55: score = 0.9
2025-04-18 14:58:59.298 | INFO     | __main__:process_row:150 - Row 45: score = 0.0
2025-04-18 14:58:59.298 | INFO     | __main__:process_dataframe_parallel:182 - Completed 60/601 tasks
2025-04-18 14:58:59.879 | INFO     | __main__:process_row:150 - Row 57: score = 0.9
2025-04-18 14:59:00.178 | INFO     | __main__:process_row:150 - Row 63: score = 0.0
2025-04-18 14:59:00.410 | INFO     | __main__:process_row:150 - Row 64: score = 0.0
2025-04-18 14:59:00.548 | INFO     | __main__:process_row:150 - Row 67: score = 0.0
2025-04-18 14:59:00.565 | INFO     | __main__:process_row:150 - Row 85: score = 0.0
2025-04-18 14:59:00.818 | INFO     | __main__:process_row:150 - Row 79: score = 0.0
2025-04-18 14:59:01.098 | INFO     | __main__:process_row:150 - Row 73: score = 0.0
2025-04-18 14:59:01.112 | INFO     | __main__:process_row:150 - Row 81: score = 0.0
2025-04-18 14:59:01.325 | INFO     | __main__:process_row:150 - Row 72: score = 0.0
2025-04-18 14:59:01.367 | INFO     | __main__:process_row:150 - Row 69: score = 0.0
2025-04-18 14:59:01.368 | INFO     | __main__:process_dataframe_parallel:182 - Completed 70/601 tasks
2025-04-18 14:59:01.535 | INFO     | __main__:process_row:150 - Row 75: score = 0.9
2025-04-18 14:59:01.536 | INFO     | __main__:process_row:150 - Row 84: score = 0.9
2025-04-18 14:59:01.744 | INFO     | __main__:process_row:150 - Row 56: score = 0.1
2025-04-18 14:59:01.766 | INFO     | __main__:process_row:150 - Row 87: score = 0.1
2025-04-18 14:59:02.043 | INFO     | __main__:process_row:150 - Row 82: score = 0.9
2025-04-18 14:59:02.231 | INFO     | __main__:process_row:150 - Row 78: score = 0.9
2025-04-18 14:59:02.703 | INFO     | __main__:process_row:150 - Row 91: score = 0.1
2025-04-18 14:59:02.930 | INFO     | __main__:process_row:150 - Row 83: score = 0.9
2025-04-18 14:59:02.944 | INFO     | __main__:process_row:150 - Row 51: score = 0.1
2025-04-18 14:59:03.088 | INFO     | __main__:process_row:150 - Row 53: score = 0.0
2025-04-18 14:59:03.088 | INFO     | __main__:process_dataframe_parallel:182 - Completed 80/601 tasks
2025-04-18 14:59:03.103 | INFO     | __main__:process_row:150 - Row 70: score = 0.0
2025-04-18 14:59:03.424 | INFO     | __main__:process_row:150 - Row 39: score = 0.0
2025-04-18 14:59:03.543 | INFO     | __main__:process_row:150 - Row 71: score = 0.9
2025-04-18 14:59:03.731 | INFO     | __main__:process_row:150 - Row 90: score = 0.9
2025-04-18 14:59:04.014 | INFO     | __main__:process_row:150 - Row 76: score = 0.0
2025-04-18 14:59:04.348 | INFO     | __main__:process_row:150 - Row 93: score = 0.0
2025-04-18 14:59:04.546 | INFO     | __main__:process_row:150 - Row 60: score = 0.0
2025-04-18 14:59:04.691 | INFO     | __main__:process_row:150 - Row 86: score = 0.9
2025-04-18 14:59:05.025 | INFO     | __main__:process_row:150 - Row 96: score = 0.0
2025-04-18 14:59:05.345 | INFO     | __main__:process_row:150 - Row 89: score = 0.0
2025-04-18 14:59:05.346 | INFO     | __main__:process_dataframe_parallel:182 - Completed 90/601 tasks
2025-04-18 14:59:05.468 | INFO     | __main__:process_row:150 - Row 88: score = 0.9
2025-04-18 14:59:06.077 | INFO     | __main__:process_row:150 - Row 98: score = 1.0
2025-04-18 14:59:06.257 | INFO     | __main__:process_row:150 - Row 109: score = 0.9
2025-04-18 14:59:06.526 | INFO     | __main__:process_row:150 - Row 117: score = 0.1
2025-04-18 14:59:06.686 | INFO     | __main__:process_row:150 - Row 99: score = 0.0
2025-04-18 14:59:06.701 | INFO     | __main__:process_row:150 - Row 121: score = 0.9
2025-04-18 14:59:06.830 | INFO     | __main__:process_row:150 - Row 58: score = 0.9
2025-04-18 14:59:07.158 | INFO     | __main__:process_row:150 - Row 103: score = 0.1
2025-04-18 14:59:07.545 | INFO     | __main__:process_row:150 - Row 106: score = 0.0
2025-04-18 14:59:07.772 | INFO     | __main__:process_row:150 - Row 101: score = 0.9
2025-04-18 14:59:07.772 | INFO     | __main__:process_dataframe_parallel:182 - Completed 100/601 tasks
2025-04-18 14:59:08.090 | INFO     | __main__:process_row:150 - Row 118: score = 0.1
2025-04-18 14:59:08.319 | INFO     | __main__:process_row:150 - Row 94: score = 0.0
2025-04-18 14:59:08.659 | INFO     | __main__:process_row:150 - Row 108: score = 0.9
2025-04-18 14:59:08.701 | INFO     | __main__:process_row:150 - Row 105: score = 0.0
2025-04-18 14:59:09.106 | INFO     | __main__:process_row:150 - Row 100: score = 0.0
2025-04-18 14:59:09.261 | INFO     | __main__:process_row:150 - Row 95: score = 0.9
2025-04-18 14:59:09.522 | INFO     | __main__:process_row:150 - Row 115: score = 0.0
2025-04-18 14:59:09.723 | INFO     | __main__:process_row:150 - Row 113: score = 0.9
2025-04-18 14:59:10.104 | INFO     | __main__:process_row:150 - Row 97: score = 1.0
2025-04-18 14:59:10.253 | INFO     | __main__:process_row:150 - Row 110: score = 0.9
2025-04-18 14:59:10.254 | INFO     | __main__:process_dataframe_parallel:182 - Completed 110/601 tasks
2025-04-18 14:59:10.365 | INFO     | __main__:process_row:150 - Row 104: score = 0.0
2025-04-18 14:59:10.378 | INFO     | __main__:process_row:150 - Row 116: score = 0.0
2025-04-18 14:59:10.610 | INFO     | __main__:process_row:150 - Row 120: score = 0.0
2025-04-18 14:59:11.653 | INFO     | __main__:process_row:150 - Row 122: score = 0.9
2025-04-18 14:59:11.687 | INFO     | __main__:process_row:150 - Row 126: score = 0.0
2025-04-18 14:59:12.004 | INFO     | __main__:process_row:150 - Row 125: score = 0.0
2025-04-18 14:59:12.153 | INFO     | __main__:process_row:150 - Row 119: score = 0.0
2025-04-18 14:59:12.560 | INFO     | __main__:process_row:150 - Row 129: score = 0.1
2025-04-18 14:59:13.098 | INFO     | __main__:process_row:150 - Row 131: score = 0.1
2025-04-18 14:59:13.522 | INFO     | __main__:process_row:150 - Row 107: score = 0.0
2025-04-18 14:59:13.523 | INFO     | __main__:process_row:150 - Row 102: score = 0.1
2025-04-18 14:59:13.523 | INFO     | __main__:process_dataframe_parallel:182 - Completed 120/601 tasks
2025-04-18 14:59:13.792 | INFO     | __main__:process_row:150 - Row 124: score = 0.0
2025-04-18 14:59:13.911 | INFO     | __main__:process_row:150 - Row 77: score = 0.0
2025-04-18 14:59:13.928 | INFO     | __main__:process_row:150 - Row 135: score = 0.0
2025-04-18 14:59:14.212 | INFO     | __main__:process_row:150 - Row 128: score = 0.0
2025-04-18 14:59:14.443 | INFO     | __main__:process_row:150 - Row 142: score = 0.0
2025-04-18 14:59:14.796 | INFO     | __main__:process_row:150 - Row 144: score = 0.9
2025-04-18 14:59:14.841 | INFO     | __main__:process_row:150 - Row 114: score = 0.0
2025-04-18 14:59:15.187 | INFO     | __main__:process_row:150 - Row 130: score = 0.0
2025-04-18 14:59:15.203 | INFO     | __main__:process_row:150 - Row 137: score = 0.9
2025-04-18 14:59:15.203 | INFO     | __main__:process_dataframe_parallel:182 - Completed 130/601 tasks
2025-04-18 14:59:15.341 | INFO     | __main__:process_row:150 - Row 111: score = 0.0
2025-04-18 14:59:15.689 | INFO     | __main__:process_row:150 - Row 141: score = 0.0
2025-04-18 14:59:15.878 | INFO     | __main__:process_row:150 - Row 132: score = 0.9
2025-04-18 14:59:16.258 | INFO     | __main__:process_row:150 - Row 146: score = 1.0
2025-04-18 14:59:16.258 | INFO     | __main__:process_row:150 - Row 123: score = 0.9
2025-04-18 14:59:16.483 | INFO     | __main__:process_row:150 - Row 140: score = 0.9
2025-04-18 14:59:17.123 | INFO     | __main__:process_row:150 - Row 151: score = 0.1
2025-04-18 14:59:17.137 | INFO     | __main__:process_row:150 - Row 133: score = 1.0
2025-04-18 14:59:17.326 | INFO     | __main__:process_row:150 - Row 139: score = 0.9
2025-04-18 14:59:17.354 | INFO     | __main__:process_row:150 - Row 127: score = 0.9
2025-04-18 14:59:17.354 | INFO     | __main__:process_dataframe_parallel:182 - Completed 140/601 tasks
2025-04-18 14:59:17.540 | INFO     | __main__:process_row:150 - Row 147: score = 0.0
2025-04-18 14:59:17.541 | INFO     | __main__:process_row:150 - Row 92: score = 0.0
2025-04-18 14:59:18.202 | INFO     | __main__:process_row:150 - Row 143: score = 0.0
2025-04-18 14:59:18.450 | INFO     | __main__:process_row:150 - Row 152: score = 0.0
2025-04-18 14:59:18.934 | INFO     | __main__:process_row:150 - Row 136: score = 0.0
2025-04-18 14:59:18.954 | INFO     | __main__:process_row:150 - Row 134: score = 0.0
2025-04-18 14:59:19.333 | INFO     | __main__:process_row:150 - Row 145: score = 0.0
2025-04-18 14:59:19.353 | INFO     | __main__:process_row:150 - Row 155: score = 0.0
2025-04-18 14:59:19.847 | INFO     | __main__:process_row:150 - Row 174: score = 0.9
2025-04-18 14:59:20.297 | INFO     | __main__:process_row:150 - Row 159: score = 0.9
2025-04-18 14:59:20.298 | INFO     | __main__:process_dataframe_parallel:182 - Completed 150/601 tasks
2025-04-18 14:59:20.409 | INFO     | __main__:process_row:150 - Row 161: score = 0.9
2025-04-18 14:59:20.596 | INFO     | __main__:process_row:150 - Row 173: score = 0.9
2025-04-18 14:59:20.955 | INFO     | __main__:process_row:150 - Row 138: score = 0.1
2025-04-18 14:59:21.386 | INFO     | __main__:process_row:150 - Row 162: score = 0.0
2025-04-18 14:59:21.542 | INFO     | __main__:process_row:150 - Row 160: score = 0.0
2025-04-18 14:59:21.774 | INFO     | __main__:process_row:150 - Row 112: score = 0.0
2025-04-18 14:59:22.130 | INFO     | __main__:process_row:150 - Row 171: score = 0.0
2025-04-18 14:59:22.238 | INFO     | __main__:process_row:150 - Row 157: score = 0.9
2025-04-18 14:59:22.661 | INFO     | __main__:process_row:150 - Row 168: score = 1.0
2025-04-18 14:59:22.973 | INFO     | __main__:process_row:150 - Row 148: score = 0.1
2025-04-18 14:59:22.973 | INFO     | __main__:process_dataframe_parallel:182 - Completed 160/601 tasks
2025-04-18 14:59:23.160 | INFO     | __main__:process_row:150 - Row 149: score = 0.0
2025-04-18 14:59:23.177 | INFO     | __main__:process_row:150 - Row 170: score = 0.9
2025-04-18 14:59:23.187 | INFO     | __main__:process_row:150 - Row 158: score = 0.9
2025-04-18 14:59:23.526 | INFO     | __main__:process_row:150 - Row 177: score = 0.9
2025-04-18 14:59:23.541 | INFO     | __main__:process_row:150 - Row 167: score = 0.1
2025-04-18 14:59:23.718 | INFO     | __main__:process_row:150 - Row 181: score = 0.9
2025-04-18 14:59:23.732 | INFO     | __main__:process_row:150 - Row 175: score = 0.1
2025-04-18 14:59:24.084 | INFO     | __main__:process_row:150 - Row 166: score = 0.9
2025-04-18 14:59:24.190 | INFO     | __main__:process_row:150 - Row 154: score = 0.0
2025-04-18 14:59:24.850 | INFO     | __main__:process_row:150 - Row 178: score = 0.1
2025-04-18 14:59:24.851 | INFO     | __main__:process_dataframe_parallel:182 - Completed 170/601 tasks
2025-04-18 14:59:25.016 | INFO     | __main__:process_row:150 - Row 164: score = 0.9
2025-04-18 14:59:25.032 | INFO     | __main__:process_row:150 - Row 176: score = 0.0
2025-04-18 14:59:25.264 | INFO     | __main__:process_row:150 - Row 179: score = 0.1
2025-04-18 14:59:25.695 | INFO     | __main__:process_row:150 - Row 183: score = 0.0
2025-04-18 14:59:25.724 | INFO     | __main__:process_row:150 - Row 156: score = 0.0
2025-04-18 14:59:26.158 | INFO     | __main__:process_row:150 - Row 169: score = 0.0
2025-04-18 14:59:26.533 | INFO     | __main__:process_row:150 - Row 163: score = 0.1
2025-04-18 14:59:26.930 | INFO     | __main__:process_row:150 - Row 153: score = 0.0
2025-04-18 14:59:26.949 | INFO     | __main__:process_row:150 - Row 188: score = 0.0
2025-04-18 14:59:27.408 | INFO     | __main__:process_row:150 - Row 150: score = 0.0
2025-04-18 14:59:27.408 | INFO     | __main__:process_dataframe_parallel:182 - Completed 180/601 tasks
2025-04-18 14:59:27.719 | INFO     | __main__:process_row:150 - Row 195: score = 0.9
2025-04-18 14:59:28.029 | INFO     | __main__:process_row:150 - Row 172: score = 0.0
2025-04-18 14:59:28.246 | INFO     | __main__:process_row:150 - Row 199: score = 0.9
2025-04-18 14:59:28.574 | INFO     | __main__:process_row:150 - Row 192: score = 0.0
2025-04-18 14:59:28.778 | INFO     | __main__:process_row:150 - Row 194: score = 0.0
2025-04-18 14:59:28.794 | INFO     | __main__:process_row:150 - Row 165: score = 0.0
2025-04-18 14:59:29.129 | INFO     | __main__:process_row:150 - Row 191: score = 0.1
2025-04-18 14:59:29.266 | INFO     | __main__:process_row:150 - Row 184: score = 0.0
2025-04-18 14:59:29.804 | INFO     | __main__:process_row:150 - Row 200: score = 0.1
2025-04-18 14:59:29.831 | INFO     | __main__:process_row:150 - Row 189: score = 0.9
2025-04-18 14:59:29.831 | INFO     | __main__:process_dataframe_parallel:182 - Completed 190/601 tasks
2025-04-18 14:59:30.542 | INFO     | __main__:process_row:150 - Row 187: score = 0.0
2025-04-18 14:59:30.841 | INFO     | __main__:process_row:150 - Row 202: score = 0.9
2025-04-18 14:59:30.964 | INFO     | __main__:process_row:150 - Row 206: score = 0.1
2025-04-18 14:59:31.155 | INFO     | __main__:process_row:150 - Row 197: score = 0.0
2025-04-18 14:59:31.413 | INFO     | __main__:process_row:150 - Row 205: score = 0.9
2025-04-18 14:59:31.701 | INFO     | __main__:process_row:150 - Row 208: score = 1.0
2025-04-18 14:59:32.195 | INFO     | __main__:process_row:150 - Row 196: score = 0.1
2025-04-18 14:59:32.237 | INFO     | __main__:process_row:150 - Row 190: score = 0.0
2025-04-18 14:59:32.428 | INFO     | __main__:process_row:150 - Row 193: score = 0.9
2025-04-18 14:59:32.628 | INFO     | __main__:process_row:150 - Row 198: score = 0.9
2025-04-18 14:59:32.629 | INFO     | __main__:process_dataframe_parallel:182 - Completed 200/601 tasks
2025-04-18 14:59:33.051 | INFO     | __main__:process_row:150 - Row 182: score = 0.0
2025-04-18 14:59:33.163 | INFO     | __main__:process_row:150 - Row 180: score = 0.9
2025-04-18 14:59:33.343 | INFO     | __main__:process_row:150 - Row 204: score = 0.1
2025-04-18 14:59:33.505 | INFO     | __main__:process_row:150 - Row 213: score = 0.9
2025-04-18 14:59:34.162 | INFO     | __main__:process_row:150 - Row 210: score = 0.9
2025-04-18 14:59:34.432 | INFO     | __main__:process_row:150 - Row 227: score = 0.1
2025-04-18 14:59:34.460 | INFO     | __main__:process_row:150 - Row 211: score = 0.0
2025-04-18 14:59:34.909 | INFO     | __main__:process_row:150 - Row 207: score = 0.9
2025-04-18 14:59:35.114 | INFO     | __main__:process_row:150 - Row 212: score = 0.0
2025-04-18 14:59:35.222 | INFO     | __main__:process_row:150 - Row 233: score = 0.1
2025-04-18 14:59:35.222 | INFO     | __main__:process_dataframe_parallel:182 - Completed 210/601 tasks
2025-04-18 14:59:35.683 | INFO     | __main__:process_row:150 - Row 229: score = 0.1
2025-04-18 14:59:35.696 | INFO     | __main__:process_row:150 - Row 230: score = 0.0
2025-04-18 14:59:35.950 | INFO     | __main__:process_row:150 - Row 218: score = 0.0
2025-04-18 14:59:36.221 | INFO     | __main__:process_row:150 - Row 185: score = 0.9
2025-04-18 14:59:36.410 | INFO     | __main__:process_row:150 - Row 216: score = 0.1
2025-04-18 14:59:36.763 | INFO     | __main__:process_row:150 - Row 214: score = 0.1
2025-04-18 14:59:37.043 | INFO     | __main__:process_row:150 - Row 228: score = 0.0
2025-04-18 14:59:37.262 | INFO     | __main__:process_row:150 - Row 220: score = 0.1
2025-04-18 14:59:37.529 | INFO     | __main__:process_row:150 - Row 223: score = 0.0
2025-04-18 14:59:37.530 | INFO     | __main__:process_row:150 - Row 225: score = 0.1
2025-04-18 14:59:37.531 | INFO     | __main__:process_dataframe_parallel:182 - Completed 220/601 tasks
2025-04-18 14:59:37.550 | INFO     | __main__:process_row:150 - Row 224: score = 0.0
2025-04-18 14:59:37.916 | INFO     | __main__:process_row:150 - Row 222: score = 0.0
2025-04-18 14:59:38.066 | INFO     | __main__:process_row:150 - Row 217: score = 0.0
2025-04-18 14:59:38.287 | INFO     | __main__:process_row:150 - Row 235: score = 1.0
2025-04-18 14:59:38.617 | INFO     | __main__:process_row:150 - Row 215: score = 0.0
2025-04-18 14:59:38.797 | INFO     | __main__:process_row:150 - Row 232: score = 0.9
2025-04-18 14:59:39.027 | INFO     | __main__:process_row:150 - Row 245: score = 1.0
2025-04-18 14:59:39.372 | INFO     | __main__:process_row:150 - Row 186: score = 0.0
2025-04-18 14:59:40.082 | INFO     | __main__:process_row:150 - Row 255: score = 0.0
2025-04-18 14:59:40.273 | INFO     | __main__:process_row:150 - Row 209: score = 0.1
2025-04-18 14:59:40.273 | INFO     | __main__:process_dataframe_parallel:182 - Completed 230/601 tasks
2025-04-18 14:59:40.913 | INFO     | __main__:process_row:150 - Row 246: score = 0.0
2025-04-18 14:59:40.929 | INFO     | __main__:process_row:150 - Row 238: score = 0.1
2025-04-18 14:59:41.144 | INFO     | __main__:process_row:150 - Row 250: score = 1.0
2025-04-18 14:59:41.419 | INFO     | __main__:process_row:150 - Row 231: score = 0.1
2025-04-18 14:59:41.718 | INFO     | __main__:process_row:150 - Row 239: score = 0.0
2025-04-18 14:59:41.852 | INFO     | __main__:process_row:150 - Row 244: score = 0.0
2025-04-18 14:59:41.959 | INFO     | __main__:process_row:150 - Row 243: score = 0.0
2025-04-18 14:59:42.311 | INFO     | __main__:process_row:150 - Row 219: score = 0.0
2025-04-18 14:59:42.633 | INFO     | __main__:process_row:150 - Row 240: score = 0.0
2025-04-18 14:59:42.880 | INFO     | __main__:process_row:150 - Row 247: score = 0.9
2025-04-18 14:59:42.881 | INFO     | __main__:process_dataframe_parallel:182 - Completed 240/601 tasks
2025-04-18 14:59:43.029 | INFO     | __main__:process_row:150 - Row 236: score = 0.1
2025-04-18 14:59:43.147 | INFO     | __main__:process_row:150 - Row 226: score = 0.9
2025-04-18 14:59:43.484 | INFO     | __main__:process_row:150 - Row 254: score = 0.0
2025-04-18 14:59:43.938 | INFO     | __main__:process_row:150 - Row 203: score = 0.1
2025-04-18 14:59:44.114 | INFO     | __main__:process_row:150 - Row 241: score = 0.0
2025-04-18 14:59:44.373 | INFO     | __main__:process_row:150 - Row 237: score = 0.9
2025-04-18 14:59:44.401 | INFO     | __main__:process_row:150 - Row 260: score = 1.0
2025-04-18 14:59:44.651 | INFO     | __main__:process_row:150 - Row 253: score = 0.0
2025-04-18 14:59:44.980 | INFO     | __main__:process_row:150 - Row 267: score = 1.0
2025-04-18 14:59:45.104 | INFO     | __main__:process_row:150 - Row 251: score = 0.0
2025-04-18 14:59:45.105 | INFO     | __main__:process_dataframe_parallel:182 - Completed 250/601 tasks
2025-04-18 14:59:45.543 | INFO     | __main__:process_row:150 - Row 256: score = 1.0
2025-04-18 14:59:45.807 | INFO     | __main__:process_row:150 - Row 272: score = 0.1
2025-04-18 14:59:46.109 | INFO     | __main__:process_row:150 - Row 261: score = 0.9
2025-04-18 14:59:46.257 | INFO     | __main__:process_row:150 - Row 263: score = 0.0
2025-04-18 14:59:46.473 | INFO     | __main__:process_row:150 - Row 265: score = 0.0
2025-04-18 14:59:46.474 | INFO     | __main__:process_row:150 - Row 248: score = 0.0
2025-04-18 14:59:46.883 | INFO     | __main__:process_row:150 - Row 259: score = 0.9
2025-04-18 14:59:47.143 | INFO     | __main__:process_row:150 - Row 262: score = 0.9
2025-04-18 14:59:47.500 | INFO     | __main__:process_row:150 - Row 252: score = 0.0
2025-04-18 14:59:47.516 | INFO     | __main__:process_row:150 - Row 273: score = 0.9
2025-04-18 14:59:47.517 | INFO     | __main__:process_dataframe_parallel:182 - Completed 260/601 tasks
2025-04-18 14:59:47.788 | INFO     | __main__:process_row:150 - Row 257: score = 0.9
2025-04-18 14:59:48.006 | INFO     | __main__:process_row:150 - Row 271: score = 0.0
2025-04-18 14:59:48.211 | INFO     | __main__:process_row:150 - Row 278: score = 0.0
2025-04-18 14:59:48.455 | INFO     | __main__:process_row:150 - Row 270: score = 0.1
2025-04-18 14:59:48.455 | INFO     | __main__:process_row:150 - Row 266: score = 0.9
2025-04-18 14:59:48.478 | INFO     | __main__:process_row:150 - Row 275: score = 0.0
2025-04-18 14:59:49.156 | INFO     | __main__:process_row:150 - Row 269: score = 1.0
2025-04-18 14:59:49.251 | INFO     | __main__:process_row:150 - Row 286: score = 0.1
2025-04-18 14:59:49.653 | INFO     | __main__:process_row:150 - Row 280: score = 0.0
2025-04-18 14:59:49.791 | INFO     | __main__:process_row:150 - Row 287: score = 0.0
2025-04-18 14:59:49.791 | INFO     | __main__:process_dataframe_parallel:182 - Completed 270/601 tasks
2025-04-18 14:59:49.819 | INFO     | __main__:process_row:150 - Row 283: score = 0.1
2025-04-18 14:59:50.110 | INFO     | __main__:process_row:150 - Row 258: score = 0.0
2025-04-18 14:59:50.556 | INFO     | __main__:process_row:150 - Row 284: score = 0.0
2025-04-18 14:59:50.817 | INFO     | __main__:process_row:150 - Row 288: score = 0.9
2025-04-18 14:59:50.939 | INFO     | __main__:process_row:150 - Row 277: score = 0.0
2025-04-18 14:59:51.243 | INFO     | __main__:process_row:150 - Row 264: score = 0.1
2025-04-18 14:59:51.382 | INFO     | __main__:process_row:150 - Row 295: score = 0.0
2025-04-18 14:59:51.593 | INFO     | __main__:process_row:150 - Row 289: score = 0.0
2025-04-18 14:59:51.877 | INFO     | __main__:process_row:150 - Row 282: score = 0.9
2025-04-18 14:59:52.088 | INFO     | __main__:process_row:150 - Row 274: score = 0.0
2025-04-18 14:59:52.089 | INFO     | __main__:process_dataframe_parallel:182 - Completed 280/601 tasks
2025-04-18 14:59:52.114 | INFO     | __main__:process_row:150 - Row 293: score = 0.0
2025-04-18 14:59:52.396 | INFO     | __main__:process_row:150 - Row 276: score = 0.0
2025-04-18 14:59:52.466 | INFO     | __main__:process_row:150 - Row 249: score = 0.0
2025-04-18 14:59:52.909 | INFO     | __main__:process_row:150 - Row 291: score = 0.0
2025-04-18 14:59:53.595 | INFO     | __main__:process_row:150 - Row 279: score = 0.9
2025-04-18 14:59:53.718 | INFO     | __main__:process_row:150 - Row 281: score = 0.9
2025-04-18 14:59:53.741 | INFO     | __main__:process_row:150 - Row 296: score = 0.9
2025-04-18 14:59:54.184 | INFO     | __main__:process_row:150 - Row 300: score = 0.9
2025-04-18 14:59:54.418 | INFO     | __main__:process_row:150 - Row 268: score = 0.0
2025-04-18 14:59:54.638 | INFO     | __main__:process_row:150 - Row 303: score = 0.0
2025-04-18 14:59:54.638 | INFO     | __main__:process_dataframe_parallel:182 - Completed 290/601 tasks
2025-04-18 14:59:54.881 | INFO     | __main__:process_row:150 - Row 299: score = 0.9
2025-04-18 14:59:55.196 | INFO     | __main__:process_row:150 - Row 306: score = 1.0
2025-04-18 14:59:55.543 | INFO     | __main__:process_row:150 - Row 307: score = 0.1
2025-04-18 14:59:55.863 | INFO     | __main__:process_row:150 - Row 292: score = 0.0
2025-04-18 14:59:56.345 | INFO     | __main__:process_row:150 - Row 302: score = 0.0
2025-04-18 14:59:56.539 | INFO     | __main__:process_row:150 - Row 298: score = 0.0
2025-04-18 14:59:56.775 | INFO     | __main__:process_row:150 - Row 318: score = 0.1
2025-04-18 14:59:56.789 | INFO     | __main__:process_row:150 - Row 305: score = 0.9
2025-04-18 14:59:57.099 | INFO     | __main__:process_row:150 - Row 315: score = 0.9
2025-04-18 14:59:57.483 | INFO     | __main__:process_row:150 - Row 311: score = 0.1
2025-04-18 14:59:57.483 | INFO     | __main__:process_row:150 - Row 310: score = 0.1
2025-04-18 14:59:57.483 | INFO     | __main__:process_dataframe_parallel:182 - Completed 300/601 tasks
2025-04-18 14:59:57.720 | INFO     | __main__:process_row:150 - Row 304: score = 0.9
2025-04-18 14:59:58.001 | INFO     | __main__:process_row:150 - Row 309: score = 0.9
2025-04-18 14:59:58.126 | INFO     | __main__:process_row:150 - Row 285: score = 0.0
2025-04-18 14:59:58.861 | INFO     | __main__:process_row:150 - Row 314: score = 0.0
2025-04-18 14:59:59.153 | INFO     | __main__:process_row:150 - Row 297: score = 0.9
2025-04-18 14:59:59.154 | INFO     | __main__:process_row:150 - Row 316: score = 0.0
2025-04-18 14:59:59.464 | INFO     | __main__:process_row:150 - Row 319: score = 0.0
2025-04-18 14:59:59.894 | INFO     | __main__:process_row:150 - Row 329: score = 0.9
2025-04-18 15:00:00.228 | INFO     | __main__:process_row:150 - Row 327: score = 0.0
2025-04-18 15:00:00.229 | INFO     | __main__:process_dataframe_parallel:182 - Completed 310/601 tasks
2025-04-18 15:00:00.786 | INFO     | __main__:process_row:150 - Row 313: score = 0.0
2025-04-18 15:00:00.799 | INFO     | __main__:process_row:150 - Row 317: score = 0.9
2025-04-18 15:00:01.197 | INFO     | __main__:process_row:150 - Row 294: score = 0.1
2025-04-18 15:00:01.333 | INFO     | __main__:process_row:150 - Row 323: score = 0.0
2025-04-18 15:00:01.691 | INFO     | __main__:process_row:150 - Row 331: score = 0.9
2025-04-18 15:00:01.925 | INFO     | __main__:process_row:150 - Row 330: score = 0.0
2025-04-18 15:00:02.047 | INFO     | __main__:process_row:150 - Row 328: score = 0.9
2025-04-18 15:00:02.352 | INFO     | __main__:process_row:150 - Row 301: score = 0.0
2025-04-18 15:00:02.571 | INFO     | __main__:process_row:150 - Row 332: score = 1.0
2025-04-18 15:00:03.324 | INFO     | __main__:process_row:150 - Row 312: score = 0.0
2025-04-18 15:00:03.325 | INFO     | __main__:process_dataframe_parallel:182 - Completed 320/601 tasks
2025-04-18 15:00:03.525 | INFO     | __main__:process_row:150 - Row 326: score = 0.0
2025-04-18 15:00:03.553 | INFO     | __main__:process_row:150 - Row 334: score = 0.0
2025-04-18 15:00:03.714 | INFO     | __main__:process_row:150 - Row 342: score = 0.0
2025-04-18 15:00:03.863 | INFO     | __main__:process_row:150 - Row 325: score = 0.0
2025-04-18 15:00:04.070 | INFO     | __main__:process_row:150 - Row 321: score = 0.0
2025-04-18 15:00:04.400 | INFO     | __main__:process_row:150 - Row 333: score = 0.1
2025-04-18 15:00:04.654 | INFO     | __main__:process_row:150 - Row 340: score = 0.1
2025-04-18 15:00:04.784 | INFO     | __main__:process_row:150 - Row 12: score = 0.0
2025-04-18 15:00:04.812 | INFO     | __main__:process_row:150 - Row 339: score = 0.1
2025-04-18 15:00:05.164 | INFO     | __main__:process_row:150 - Row 320: score = 0.9
2025-04-18 15:00:05.165 | INFO     | __main__:process_dataframe_parallel:182 - Completed 330/601 tasks
2025-04-18 15:00:05.259 | INFO     | __main__:process_row:150 - Row 290: score = 0.0
2025-04-18 15:00:05.642 | INFO     | __main__:process_row:150 - Row 335: score = 0.9
2025-04-18 15:00:06.199 | INFO     | __main__:process_row:150 - Row 322: score = 0.1
2025-04-18 15:00:06.352 | INFO     | __main__:process_row:150 - Row 338: score = 0.9
2025-04-18 15:00:06.534 | INFO     | __main__:process_row:150 - Row 347: score = 1.0
2025-04-18 15:00:06.967 | INFO     | __main__:process_row:150 - Row 346: score = 0.9
2025-04-18 15:00:07.095 | INFO     | __main__:process_row:150 - Row 343: score = 0.9
2025-04-18 15:00:07.095 | INFO     | __main__:process_row:150 - Row 344: score = 0.9
2025-04-18 15:00:07.446 | INFO     | __main__:process_row:150 - Row 352: score = 1.0
2025-04-18 15:00:07.854 | INFO     | __main__:process_row:150 - Row 359: score = 0.0
2025-04-18 15:00:07.855 | INFO     | __main__:process_dataframe_parallel:182 - Completed 340/601 tasks
2025-04-18 15:00:08.206 | INFO     | __main__:process_row:150 - Row 348: score = 0.0
2025-04-18 15:00:08.425 | INFO     | __main__:process_row:150 - Row 349: score = 0.9
2025-04-18 15:00:08.626 | INFO     | __main__:process_row:150 - Row 356: score = 0.9
2025-04-18 15:00:08.760 | INFO     | __main__:process_row:150 - Row 363: score = 1.0
2025-04-18 15:00:08.788 | INFO     | __main__:process_row:150 - Row 361: score = 0.9
2025-04-18 15:00:09.005 | INFO     | __main__:process_row:150 - Row 337: score = 0.9
2025-04-18 15:00:09.411 | INFO     | __main__:process_row:150 - Row 362: score = 0.0
2025-04-18 15:00:10.200 | INFO     | __main__:process_row:150 - Row 354: score = 0.0
2025-04-18 15:00:10.352 | INFO     | __main__:process_row:150 - Row 350: score = 0.0
2025-04-18 15:00:10.371 | INFO     | __main__:process_row:150 - Row 373: score = 0.9
2025-04-18 15:00:10.371 | INFO     | __main__:process_dataframe_parallel:182 - Completed 350/601 tasks
2025-04-18 15:00:11.248 | INFO     | __main__:process_row:150 - Row 360: score = 0.0
2025-04-18 15:00:11.498 | INFO     | __main__:process_row:150 - Row 370: score = 0.9
2025-04-18 15:00:11.653 | INFO     | __main__:process_row:150 - Row 351: score = 0.9
2025-04-18 15:00:11.916 | INFO     | __main__:process_row:150 - Row 358: score = 0.0
2025-04-18 15:00:12.058 | INFO     | __main__:process_row:150 - Row 345: score = 0.0
2025-04-18 15:00:12.151 | INFO     | __main__:process_row:150 - Row 366: score = 0.9
2025-04-18 15:00:12.338 | INFO     | __main__:process_row:150 - Row 357: score = 0.0
2025-04-18 15:00:12.531 | INFO     | __main__:process_row:150 - Row 371: score = 0.9
2025-04-18 15:00:12.737 | INFO     | __main__:process_row:150 - Row 374: score = 0.9
2025-04-18 15:00:13.042 | INFO     | __main__:process_row:150 - Row 367: score = 1.0
2025-04-18 15:00:13.043 | INFO     | __main__:process_dataframe_parallel:182 - Completed 360/601 tasks
2025-04-18 15:00:13.163 | INFO     | __main__:process_row:150 - Row 369: score = 0.9
2025-04-18 15:00:13.864 | INFO     | __main__:process_row:150 - Row 353: score = 0.0
2025-04-18 15:00:13.908 | INFO     | __main__:process_row:150 - Row 355: score = 0.9
2025-04-18 15:00:14.313 | INFO     | __main__:process_row:150 - Row 377: score = 0.0
2025-04-18 15:00:14.545 | INFO     | __main__:process_row:150 - Row 379: score = 1.0
2025-04-18 15:00:14.989 | INFO     | __main__:process_row:150 - Row 382: score = 1.0
2025-04-18 15:00:15.003 | INFO     | __main__:process_row:150 - Row 372: score = 0.9
2025-04-18 15:00:15.375 | INFO     | __main__:process_row:150 - Row 365: score = 0.1
2025-04-18 15:00:15.527 | INFO     | __main__:process_row:150 - Row 336: score = 0.0
2025-04-18 15:00:15.783 | INFO     | __main__:process_row:150 - Row 378: score = 0.1
2025-04-18 15:00:15.783 | INFO     | __main__:process_dataframe_parallel:182 - Completed 370/601 tasks
2025-04-18 15:00:15.978 | INFO     | __main__:process_row:150 - Row 389: score = 0.9
2025-04-18 15:00:16.241 | INFO     | __main__:process_row:150 - Row 381: score = 0.0
2025-04-18 15:00:16.606 | INFO     | __main__:process_row:150 - Row 376: score = 0.0
2025-04-18 15:00:16.878 | INFO     | __main__:process_row:150 - Row 392: score = 0.0
2025-04-18 15:00:17.005 | INFO     | __main__:process_row:150 - Row 388: score = 0.9
2025-04-18 15:00:17.334 | INFO     | __main__:process_row:150 - Row 375: score = 0.9
2025-04-18 15:00:17.791 | INFO     | __main__:process_row:150 - Row 397: score = 0.9
2025-04-18 15:00:17.998 | INFO     | __main__:process_row:150 - Row 391: score = 0.0
2025-04-18 15:00:18.233 | INFO     | __main__:process_row:150 - Row 383: score = 0.1
2025-04-18 15:00:18.255 | INFO     | __main__:process_row:150 - Row 385: score = 0.9
2025-04-18 15:00:18.255 | INFO     | __main__:process_dataframe_parallel:182 - Completed 380/601 tasks
2025-04-18 15:00:18.580 | INFO     | __main__:process_row:150 - Row 364: score = 0.1
2025-04-18 15:00:18.759 | INFO     | __main__:process_row:150 - Row 368: score = 0.1
2025-04-18 15:00:18.894 | INFO     | __main__:process_row:150 - Row 398: score = 0.9
2025-04-18 15:00:20.275 | INFO     | __main__:process_row:150 - Row 406: score = 0.0
2025-04-18 15:00:20.400 | INFO     | __main__:process_row:150 - Row 387: score = 0.0
2025-04-18 15:00:20.790 | INFO     | __main__:process_row:150 - Row 403: score = 0.0
2025-04-18 15:00:21.037 | INFO     | __main__:process_row:150 - Row 390: score = 0.9
2025-04-18 15:00:21.038 | INFO     | __main__:process_row:150 - Row 386: score = 0.0
2025-04-18 15:00:21.361 | INFO     | __main__:process_row:150 - Row 384: score = 0.0
2025-04-18 15:00:21.379 | INFO     | __main__:process_row:150 - Row 399: score = 0.0
2025-04-18 15:00:21.379 | INFO     | __main__:process_dataframe_parallel:182 - Completed 390/601 tasks
2025-04-18 15:00:21.614 | INFO     | __main__:process_row:150 - Row 405: score = 0.0
2025-04-18 15:00:22.549 | INFO     | __main__:process_row:150 - Row 393: score = 0.0
2025-04-18 15:00:22.660 | INFO     | __main__:process_row:150 - Row 394: score = 0.0
2025-04-18 15:00:23.024 | INFO     | __main__:process_row:150 - Row 402: score = 0.0
2025-04-18 15:00:23.024 | INFO     | __main__:process_row:150 - Row 413: score = 0.1
2025-04-18 15:00:23.465 | INFO     | __main__:process_row:150 - Row 408: score = 0.0
2025-04-18 15:00:23.991 | INFO     | __main__:process_row:150 - Row 409: score = 0.1
2025-04-18 15:00:24.245 | INFO     | __main__:process_row:150 - Row 401: score = 0.9
2025-04-18 15:00:24.384 | INFO     | __main__:process_row:150 - Row 396: score = 0.0
2025-04-18 15:00:24.805 | INFO     | __main__:process_row:150 - Row 417: score = 0.9
2025-04-18 15:00:24.806 | INFO     | __main__:process_dataframe_parallel:182 - Completed 400/601 tasks
2025-04-18 15:00:25.157 | INFO     | __main__:process_row:150 - Row 400: score = 0.0
2025-04-18 15:00:25.293 | INFO     | __main__:process_row:150 - Row 411: score = 1.0
2025-04-18 15:00:25.644 | INFO     | __main__:process_row:150 - Row 421: score = 0.0
2025-04-18 15:00:25.952 | INFO     | __main__:process_row:150 - Row 418: score = 0.9
2025-04-18 15:00:26.400 | INFO     | __main__:process_row:150 - Row 201: score = 0.0
2025-04-18 15:00:26.542 | INFO     | __main__:process_row:150 - Row 395: score = 0.9
2025-04-18 15:00:26.801 | INFO     | __main__:process_row:150 - Row 412: score = 0.9
2025-04-18 15:00:27.083 | INFO     | __main__:process_row:150 - Row 424: score = 0.0
2025-04-18 15:00:27.404 | INFO     | __main__:process_row:150 - Row 423: score = 0.1
2025-04-18 15:00:27.418 | INFO     | __main__:process_row:150 - Row 432: score = 1.0
2025-04-18 15:00:27.418 | INFO     | __main__:process_dataframe_parallel:182 - Completed 410/601 tasks
2025-04-18 15:00:27.654 | INFO     | __main__:process_row:150 - Row 407: score = 0.0
2025-04-18 15:00:27.803 | INFO     | __main__:process_row:150 - Row 414: score = 0.0
2025-04-18 15:00:27.945 | INFO     | __main__:process_row:150 - Row 420: score = 0.9
2025-04-18 15:00:28.156 | INFO     | __main__:process_row:150 - Row 380: score = 0.0
2025-04-18 15:00:28.311 | INFO     | __main__:process_row:150 - Row 425: score = 0.0
2025-04-18 15:00:28.711 | INFO     | __main__:process_row:150 - Row 410: score = 0.0
2025-04-18 15:00:28.918 | INFO     | __main__:process_row:150 - Row 433: score = 1.0
2025-04-18 15:00:29.288 | INFO     | __main__:process_row:150 - Row 419: score = 0.0
2025-04-18 15:00:29.497 | INFO     | __main__:process_row:150 - Row 428: score = 0.0
2025-04-18 15:00:29.834 | INFO     | __main__:process_row:150 - Row 415: score = 0.0
2025-04-18 15:00:29.834 | INFO     | __main__:process_dataframe_parallel:182 - Completed 420/601 tasks
2025-04-18 15:00:30.846 | INFO     | __main__:process_row:150 - Row 427: score = 0.0
2025-04-18 15:00:31.252 | INFO     | __main__:process_row:150 - Row 441: score = 0.9
2025-04-18 15:00:31.408 | INFO     | __main__:process_row:150 - Row 429: score = 0.0
2025-04-18 15:00:31.546 | INFO     | __main__:process_row:150 - Row 416: score = 0.0
2025-04-18 15:00:31.667 | INFO     | __main__:process_row:150 - Row 442: score = 0.9
2025-04-18 15:00:31.696 | INFO     | __main__:process_row:150 - Row 448: score = 0.1
2025-04-18 15:00:31.938 | INFO     | __main__:process_row:150 - Row 449: score = 0.0
2025-04-18 15:00:31.974 | INFO     | __main__:process_row:150 - Row 439: score = 0.0
2025-04-18 15:00:32.245 | INFO     | __main__:process_row:150 - Row 434: score = 0.9
2025-04-18 15:00:32.354 | INFO     | __main__:process_row:150 - Row 426: score = 0.9
2025-04-18 15:00:32.355 | INFO     | __main__:process_dataframe_parallel:182 - Completed 430/601 tasks
2025-04-18 15:00:32.670 | INFO     | __main__:process_row:150 - Row 422: score = 0.0
2025-04-18 15:00:33.059 | INFO     | __main__:process_row:150 - Row 446: score = 0.9
2025-04-18 15:00:33.178 | INFO     | __main__:process_row:150 - Row 436: score = 0.1
2025-04-18 15:00:33.569 | INFO     | __main__:process_row:150 - Row 431: score = 0.1
2025-04-18 15:00:33.802 | INFO     | __main__:process_row:150 - Row 435: score = 0.0
2025-04-18 15:00:34.091 | INFO     | __main__:process_row:150 - Row 444: score = 0.9
2025-04-18 15:00:34.767 | INFO     | __main__:process_row:150 - Row 452: score = 0.1
2025-04-18 15:00:35.102 | INFO     | __main__:process_row:150 - Row 440: score = 0.0
2025-04-18 15:00:35.253 | INFO     | __main__:process_row:150 - Row 430: score = 0.0
2025-04-18 15:00:35.254 | INFO     | __main__:process_row:150 - Row 443: score = 0.0
2025-04-18 15:00:35.255 | INFO     | __main__:process_dataframe_parallel:182 - Completed 440/601 tasks
2025-04-18 15:00:35.283 | INFO     | __main__:process_row:150 - Row 445: score = 0.9
2025-04-18 15:00:35.599 | INFO     | __main__:process_row:150 - Row 450: score = 0.9
2025-04-18 15:00:36.039 | INFO     | __main__:process_row:150 - Row 308: score = 0.0
2025-04-18 15:00:36.264 | INFO     | __main__:process_row:150 - Row 438: score = 1.0
2025-04-18 15:00:36.447 | INFO     | __main__:process_row:150 - Row 447: score = 0.9
2025-04-18 15:00:36.852 | INFO     | __main__:process_row:150 - Row 463: score = 0.9
2025-04-18 15:00:37.358 | INFO     | __main__:process_row:150 - Row 437: score = 0.0
2025-04-18 15:00:37.396 | INFO     | __main__:process_row:150 - Row 461: score = 0.0
2025-04-18 15:00:38.293 | INFO     | __main__:process_row:150 - Row 466: score = 0.1
2025-04-18 15:00:38.401 | INFO     | __main__:process_row:150 - Row 465: score = 0.9
2025-04-18 15:00:38.401 | INFO     | __main__:process_dataframe_parallel:182 - Completed 450/601 tasks
2025-04-18 15:00:38.512 | INFO     | __main__:process_row:150 - Row 455: score = 0.9
2025-04-18 15:00:39.074 | INFO     | __main__:process_row:150 - Row 459: score = 0.9
2025-04-18 15:00:39.284 | INFO     | __main__:process_row:150 - Row 454: score = 0.9
2025-04-18 15:00:39.435 | INFO     | __main__:process_row:150 - Row 460: score = 0.0
2025-04-18 15:00:39.629 | INFO     | __main__:process_row:150 - Row 464: score = 0.0
2025-04-18 15:00:39.939 | INFO     | __main__:process_row:150 - Row 471: score = 0.9
2025-04-18 15:00:39.963 | INFO     | __main__:process_row:150 - Row 453: score = 0.0
2025-04-18 15:00:39.969 | INFO     | __main__:process_row:150 - Row 462: score = 0.0
2025-04-18 15:00:40.423 | INFO     | __main__:process_row:150 - Row 478: score = 1.0
2025-04-18 15:00:40.745 | INFO     | __main__:process_row:150 - Row 473: score = 0.0
2025-04-18 15:00:40.746 | INFO     | __main__:process_dataframe_parallel:182 - Completed 460/601 tasks
2025-04-18 15:00:40.955 | INFO     | __main__:process_row:150 - Row 475: score = 0.0
2025-04-18 15:00:41.077 | INFO     | __main__:process_row:150 - Row 458: score = 0.1
2025-04-18 15:00:41.384 | INFO     | __main__:process_row:150 - Row 451: score = 0.0
2025-04-18 15:00:42.067 | INFO     | __main__:process_row:150 - Row 482: score = 0.9
2025-04-18 15:00:42.362 | INFO     | __main__:process_row:150 - Row 341: score = 0.0
2025-04-18 15:00:42.600 | INFO     | __main__:process_row:150 - Row 457: score = 0.0
2025-04-18 15:00:43.110 | INFO     | __main__:process_row:150 - Row 470: score = 0.9
2025-04-18 15:00:43.339 | INFO     | __main__:process_row:150 - Row 485: score = 0.9
2025-04-18 15:00:43.503 | INFO     | __main__:process_row:150 - Row 472: score = 0.0
2025-04-18 15:00:43.822 | INFO     | __main__:process_row:150 - Row 456: score = 0.0
2025-04-18 15:00:43.822 | INFO     | __main__:process_dataframe_parallel:182 - Completed 470/601 tasks
2025-04-18 15:00:44.344 | INFO     | __main__:process_row:150 - Row 489: score = 0.0
2025-04-18 15:00:44.358 | INFO     | __main__:process_row:150 - Row 490: score = 0.0
2025-04-18 15:00:44.390 | INFO     | __main__:process_row:150 - Row 483: score = 0.0
2025-04-18 15:00:44.664 | INFO     | __main__:process_row:150 - Row 468: score = 1.0
2025-04-18 15:00:44.967 | INFO     | __main__:process_row:150 - Row 477: score = 0.0
2025-04-18 15:00:44.968 | INFO     | __main__:process_row:150 - Row 469: score = 0.0
2025-04-18 15:00:45.311 | INFO     | __main__:process_row:150 - Row 467: score = 0.0
2025-04-18 15:00:45.434 | INFO     | __main__:process_row:150 - Row 493: score = 1.0
2025-04-18 15:00:45.741 | INFO     | __main__:process_row:150 - Row 480: score = 0.9
2025-04-18 15:00:45.753 | INFO     | __main__:process_row:150 - Row 476: score = 0.9
2025-04-18 15:00:45.753 | INFO     | __main__:process_dataframe_parallel:182 - Completed 480/601 tasks
2025-04-18 15:00:46.163 | INFO     | __main__:process_row:150 - Row 484: score = 1.0
2025-04-18 15:00:46.439 | INFO     | __main__:process_row:150 - Row 488: score = 0.0
2025-04-18 15:00:46.925 | INFO     | __main__:process_row:150 - Row 481: score = 0.0
2025-04-18 15:00:46.938 | INFO     | __main__:process_row:150 - Row 486: score = 1.0
2025-04-18 15:00:47.482 | INFO     | __main__:process_row:150 - Row 495: score = 0.0
2025-04-18 15:00:47.689 | INFO     | __main__:process_row:150 - Row 496: score = 0.0
2025-04-18 15:00:48.579 | INFO     | __main__:process_row:150 - Row 507: score = 0.1
2025-04-18 15:00:48.698 | INFO     | __main__:process_row:150 - Row 492: score = 0.9
2025-04-18 15:00:48.971 | INFO     | __main__:process_row:150 - Row 500: score = 0.9
2025-04-18 15:00:49.124 | INFO     | __main__:process_row:150 - Row 242: score = 0.0
2025-04-18 15:00:49.125 | INFO     | __main__:process_dataframe_parallel:182 - Completed 490/601 tasks
2025-04-18 15:00:49.444 | INFO     | __main__:process_row:150 - Row 497: score = 0.1
2025-04-18 15:00:50.026 | INFO     | __main__:process_row:150 - Row 501: score = 0.0
2025-04-18 15:00:50.215 | INFO     | __main__:process_row:150 - Row 505: score = 0.9
2025-04-18 15:00:50.630 | INFO     | __main__:process_row:150 - Row 502: score = 0.0
2025-04-18 15:00:50.643 | INFO     | __main__:process_row:150 - Row 479: score = 0.0
2025-04-18 15:00:50.679 | INFO     | __main__:process_row:150 - Row 221: score = 0.0
2025-04-18 15:00:51.046 | INFO     | __main__:process_row:150 - Row 508: score = 0.9
2025-04-18 15:00:51.397 | INFO     | __main__:process_row:150 - Row 510: score = 0.0
2025-04-18 15:00:51.648 | INFO     | __main__:process_row:150 - Row 487: score = 0.1
2025-04-18 15:00:51.758 | INFO     | __main__:process_row:150 - Row 234: score = 0.0
2025-04-18 15:00:51.759 | INFO     | __main__:process_dataframe_parallel:182 - Completed 500/601 tasks
2025-04-18 15:00:51.869 | INFO     | __main__:process_row:150 - Row 474: score = 0.0
2025-04-18 15:00:51.885 | INFO     | __main__:process_row:150 - Row 491: score = 0.0
2025-04-18 15:00:52.791 | INFO     | __main__:process_row:150 - Row 498: score = 0.0
2025-04-18 15:00:52.804 | INFO     | __main__:process_row:150 - Row 512: score = 0.9
2025-04-18 15:00:52.805 | INFO     | __main__:process_row:150 - Row 499: score = 0.1
2025-04-18 15:00:53.372 | INFO     | __main__:process_row:150 - Row 520: score = 1.0
2025-04-18 15:00:53.505 | INFO     | __main__:process_row:150 - Row 515: score = 0.0
2025-04-18 15:00:53.505 | INFO     | __main__:process_row:150 - Row 506: score = 0.9
2025-04-18 15:00:53.792 | INFO     | __main__:process_row:150 - Row 509: score = 0.0
2025-04-18 15:00:54.038 | INFO     | __main__:process_row:150 - Row 503: score = 0.0
2025-04-18 15:00:54.039 | INFO     | __main__:process_dataframe_parallel:182 - Completed 510/601 tasks
2025-04-18 15:00:54.234 | INFO     | __main__:process_row:150 - Row 522: score = 0.0
2025-04-18 15:00:54.382 | INFO     | __main__:process_row:150 - Row 513: score = 0.0
2025-04-18 15:00:54.424 | INFO     | __main__:process_row:150 - Row 518: score = 0.1
2025-04-18 15:00:54.609 | INFO     | __main__:process_row:150 - Row 519: score = 0.9
2025-04-18 15:00:55.356 | INFO     | __main__:process_row:150 - Row 504: score = 0.0
2025-04-18 15:00:55.565 | INFO     | __main__:process_row:150 - Row 521: score = 0.0
2025-04-18 15:00:55.680 | INFO     | __main__:process_row:150 - Row 514: score = 0.0
2025-04-18 15:00:56.098 | INFO     | __main__:process_row:150 - Row 531: score = 0.0
2025-04-18 15:00:56.206 | INFO     | __main__:process_row:150 - Row 539: score = 0.9
2025-04-18 15:00:56.423 | INFO     | __main__:process_row:150 - Row 534: score = 0.9
2025-04-18 15:00:56.423 | INFO     | __main__:process_dataframe_parallel:182 - Completed 520/601 tasks
2025-04-18 15:00:56.684 | INFO     | __main__:process_row:150 - Row 527: score = 0.9
2025-04-18 15:00:56.860 | INFO     | __main__:process_row:150 - Row 528: score = 0.0
2025-04-18 15:00:56.862 | INFO     | __main__:process_row:150 - Row 525: score = 0.0
2025-04-18 15:00:57.020 | INFO     | __main__:process_row:150 - Row 517: score = 0.0
2025-04-18 15:00:57.140 | INFO     | __main__:process_row:150 - Row 511: score = 0.1
2025-04-18 15:00:57.141 | INFO     | __main__:process_row:150 - Row 524: score = 0.0
2025-04-18 15:00:57.166 | INFO     | __main__:process_row:150 - Row 529: score = 0.0
2025-04-18 15:00:57.807 | INFO     | __main__:process_row:150 - Row 526: score = 0.9
2025-04-18 15:00:58.218 | INFO     | __main__:process_row:150 - Row 533: score = 0.9
2025-04-18 15:00:58.882 | INFO     | __main__:process_row:150 - Row 530: score = 0.1
2025-04-18 15:00:58.882 | INFO     | __main__:process_dataframe_parallel:182 - Completed 530/601 tasks
2025-04-18 15:00:59.235 | INFO     | __main__:process_row:150 - Row 535: score = 0.0
2025-04-18 15:00:59.341 | INFO     | __main__:process_row:150 - Row 538: score = 0.1
2025-04-18 15:00:59.641 | INFO     | __main__:process_row:150 - Row 540: score = 0.0
2025-04-18 15:01:00.050 | INFO     | __main__:process_row:150 - Row 544: score = 0.0
2025-04-18 15:01:00.064 | INFO     | __main__:process_row:150 - Row 523: score = 1.0
2025-04-18 15:01:00.233 | INFO     | __main__:process_row:150 - Row 558: score = 0.1
2025-04-18 15:01:00.407 | INFO     | __main__:process_row:150 - Row 549: score = 1.0
2025-04-18 15:01:00.552 | INFO     | __main__:process_row:150 - Row 543: score = 0.0
2025-04-18 15:01:01.152 | INFO     | __main__:process_row:150 - Row 536: score = 0.9
2025-04-18 15:01:01.186 | INFO     | __main__:process_row:150 - Row 557: score = 0.0
2025-04-18 15:01:01.187 | INFO     | __main__:process_dataframe_parallel:182 - Completed 540/601 tasks
2025-04-18 15:01:01.499 | INFO     | __main__:process_row:150 - Row 550: score = 0.1
2025-04-18 15:01:01.526 | INFO     | __main__:process_row:150 - Row 559: score = 0.0
2025-04-18 15:01:01.870 | INFO     | __main__:process_row:150 - Row 542: score = 0.9
2025-04-18 15:01:01.883 | INFO     | __main__:process_row:150 - Row 547: score = 1.0
2025-04-18 15:01:02.262 | INFO     | __main__:process_row:150 - Row 532: score = 0.9
2025-04-18 15:01:02.300 | INFO     | __main__:process_row:150 - Row 552: score = 0.0
2025-04-18 15:01:02.639 | INFO     | __main__:process_row:150 - Row 537: score = 0.1
2025-04-18 15:01:02.760 | INFO     | __main__:process_row:150 - Row 541: score = 1.0
2025-04-18 15:01:03.475 | INFO     | __main__:process_row:150 - Row 553: score = 0.0
2025-04-18 15:01:04.051 | INFO     | __main__:process_row:150 - Row 545: score = 0.9
2025-04-18 15:01:04.051 | INFO     | __main__:process_dataframe_parallel:182 - Completed 550/601 tasks
2025-04-18 15:01:04.464 | INFO     | __main__:process_row:150 - Row 563: score = 0.0
2025-04-18 15:01:04.492 | INFO     | __main__:process_row:150 - Row 560: score = 0.0
2025-04-18 15:01:04.872 | INFO     | __main__:process_row:150 - Row 574: score = 0.9
2025-04-18 15:01:05.104 | INFO     | __main__:process_row:150 - Row 568: score = 0.9
2025-04-18 15:01:05.240 | INFO     | __main__:process_row:150 - Row 562: score = 0.0
2025-04-18 15:01:05.653 | INFO     | __main__:process_row:150 - Row 571: score = 1.0
2025-04-18 15:01:05.921 | INFO     | __main__:process_row:150 - Row 569: score = 0.0
2025-04-18 15:01:06.480 | INFO     | __main__:process_row:150 - Row 570: score = 0.0
2025-04-18 15:01:06.518 | INFO     | __main__:process_row:150 - Row 567: score = 0.9
2025-04-18 15:01:06.745 | INFO     | __main__:process_row:150 - Row 576: score = 0.9
2025-04-18 15:01:06.745 | INFO     | __main__:process_dataframe_parallel:182 - Completed 560/601 tasks
2025-04-18 15:01:07.061 | INFO     | __main__:process_row:150 - Row 548: score = 0.9
2025-04-18 15:01:07.484 | INFO     | __main__:process_row:150 - Row 551: score = 0.0
2025-04-18 15:01:07.677 | INFO     | __main__:process_row:150 - Row 564: score = 0.9
2025-04-18 15:01:07.691 | INFO     | __main__:process_row:150 - Row 581: score = 0.9
2025-04-18 15:01:07.870 | INFO     | __main__:process_row:150 - Row 578: score = 0.9
2025-04-18 15:01:08.033 | INFO     | __main__:process_row:150 - Row 561: score = 0.0
2025-04-18 15:01:08.047 | INFO     | __main__:process_row:150 - Row 546: score = 0.0
2025-04-18 15:01:08.433 | INFO     | __main__:process_row:150 - Row 554: score = 0.0
2025-04-18 15:01:08.680 | INFO     | __main__:process_row:150 - Row 572: score = 0.9
2025-04-18 15:01:08.982 | INFO     | __main__:process_row:150 - Row 565: score = 0.0
2025-04-18 15:01:08.983 | INFO     | __main__:process_dataframe_parallel:182 - Completed 570/601 tasks
2025-04-18 15:01:09.285 | INFO     | __main__:process_row:150 - Row 587: score = 0.0
2025-04-18 15:01:09.504 | INFO     | __main__:process_row:150 - Row 582: score = 0.0
2025-04-18 15:01:09.668 | INFO     | __main__:process_row:150 - Row 584: score = 0.0
2025-04-18 15:01:10.090 | INFO     | __main__:process_row:150 - Row 575: score = 0.9
2025-04-18 15:01:10.091 | INFO     | __main__:process_row:150 - Row 577: score = 0.0
2025-04-18 15:01:10.441 | INFO     | __main__:process_row:150 - Row 566: score = 0.0
2025-04-18 15:01:10.589 | INFO     | __main__:process_row:150 - Row 590: score = 0.0
2025-04-18 15:01:10.616 | INFO     | __main__:process_row:150 - Row 583: score = 0.9
2025-04-18 15:01:10.669 | INFO     | __main__:process_row:150 - Row 599: score = 0.0
2025-04-18 15:01:10.735 | INFO     | __main__:process_row:150 - Row 586: score = 0.1
2025-04-18 15:01:10.735 | INFO     | __main__:process_dataframe_parallel:182 - Completed 580/601 tasks
2025-04-18 15:01:10.905 | INFO     | __main__:process_row:150 - Row 593: score = 1.0
2025-04-18 15:01:10.906 | INFO     | __main__:process_row:150 - Row 573: score = 0.1
2025-04-18 15:01:11.125 | INFO     | __main__:process_row:150 - Row 592: score = 0.9
2025-04-18 15:01:11.282 | INFO     | __main__:process_row:150 - Row 594: score = 1.0
2025-04-18 15:01:11.383 | INFO     | __main__:process_row:150 - Row 580: score = 0.9
2025-04-18 15:01:11.591 | INFO     | __main__:process_row:150 - Row 579: score = 0.0
2025-04-18 15:01:11.707 | INFO     | __main__:process_row:150 - Row 324: score = 0.0
2025-04-18 15:01:12.254 | INFO     | __main__:process_row:150 - Row 588: score = 0.0
2025-04-18 15:01:12.342 | INFO     | __main__:process_row:150 - Row 600: score = 0.0
2025-04-18 15:01:12.518 | INFO     | __main__:process_row:150 - Row 598: score = 0.0
2025-04-18 15:01:12.518 | INFO     | __main__:process_dataframe_parallel:182 - Completed 590/601 tasks
2025-04-18 15:01:12.532 | INFO     | __main__:process_row:150 - Row 589: score = 0.0
2025-04-18 15:01:13.245 | INFO     | __main__:process_row:150 - Row 597: score = 0.0
2025-04-18 15:01:13.903 | INFO     | __main__:process_row:150 - Row 585: score = 0.1
2025-04-18 15:01:14.356 | INFO     | __main__:process_row:150 - Row 591: score = 0.0
2025-04-18 15:01:14.576 | INFO     | __main__:process_row:150 - Row 596: score = 0.0
2025-04-18 15:01:18.196 | INFO     | __main__:process_row:150 - Row 595: score = 0.0
2025-04-18 15:01:22.530 | INFO     | __main__:process_row:150 - Row 404: score = 0.0
2025-04-18 15:01:26.189 | INFO     | __main__:process_row:150 - Row 494: score = 0.0
2025-04-18 15:01:43.273 | INFO     | __main__:process_row:150 - Row 516: score = 0.0
2025-04-18 15:01:45.241 | INFO     | __main__:process_row:150 - Row 555: score = 0.0
2025-04-18 15:01:45.241 | INFO     | __main__:process_dataframe_parallel:182 - Completed 600/601 tasks
2025-04-18 15:01:47.963 | INFO     | __main__:process_row:150 - Row 556: score = 0.0
2025-04-18 15:01:47.965 | INFO     | __main__:process_dataframe_parallel:199 - Total processing time: 190.87 seconds
2025-04-18 15:01:47.965 | INFO     | __main__:process_dataframe_parallel:200 - Average time per row: 0.32 seconds
2025-04-18 15:01:47.966 | INFO     | __main__:<module>:221 - The mean score is: 0.35823627287853577
2025-04-18 15:01:47.969 | INFO     | __main__:<module>:230 - Results saved to evaluation_results.csv
